2016-11-14 11:17:53,763 - ************************************************************** 
2016-11-14 11:17:53,763 - Starting Jakarta Velocity v1.4
2016-11-14 11:17:53,763 - RuntimeInstance initializing.
2016-11-14 11:17:53,763 - Default Properties File: org\apache\velocity\runtime\defaults\velocity.properties
2016-11-14 11:17:53,763 - Trying to use logger class org.apache.velocity.runtime.log.SimpleLog4JLogSystem
2016-11-14 11:17:53,763 - Using logger class org.apache.velocity.runtime.log.SimpleLog4JLogSystem
2016-11-14 11:17:53,779 - Default ResourceManager initializing. (class org.apache.velocity.runtime.resource.ResourceManagerImpl)
2016-11-14 11:17:53,779 - Resource Loader Instantiated: org.apache.velocity.runtime.resource.loader.ClasspathResourceLoader
2016-11-14 11:17:53,779 - ClasspathResourceLoader : initialization starting.
2016-11-14 11:17:53,779 - ClasspathResourceLoader : initialization complete.
2016-11-14 11:17:53,779 - ResourceCache : initialized. (class org.apache.velocity.runtime.resource.ResourceCacheImpl)
2016-11-14 11:17:53,779 - Default ResourceManager initialization complete.
2016-11-14 11:17:53,779 - Loaded System Directive: org.apache.velocity.runtime.directive.Literal
2016-11-14 11:17:53,779 - Loaded System Directive: org.apache.velocity.runtime.directive.Macro
2016-11-14 11:17:53,779 - Loaded System Directive: org.apache.velocity.runtime.directive.Parse
2016-11-14 11:17:53,779 - Loaded System Directive: org.apache.velocity.runtime.directive.Include
2016-11-14 11:17:53,779 - Loaded System Directive: org.apache.velocity.runtime.directive.Foreach
2016-11-14 11:17:53,810 - Created: 20 parsers.
2016-11-14 11:17:53,810 - Velocimacro : initialization starting.
2016-11-14 11:17:53,810 - Velocimacro : adding VMs from VM library template : VM_global_library.vm
2016-11-14 11:17:53,810 - ResourceManager : unable to find resource 'VM_global_library.vm' in any resource loader.
2016-11-14 11:17:53,810 - Velocimacro : error using  VM library template VM_global_library.vm : org.apache.velocity.exception.ResourceNotFoundException: Unable to find resource 'VM_global_library.vm'
2016-11-14 11:17:53,810 - Velocimacro :  VM library template macro registration complete.
2016-11-14 11:17:53,810 - Velocimacro : allowInline = true : VMs can be defined inline in templates
2016-11-14 11:17:53,810 - Velocimacro : allowInlineToOverride = false : VMs defined inline may NOT replace previous VM definitions
2016-11-14 11:17:53,810 - Velocimacro : allowInlineLocal = false : VMs defined inline will be  global in scope if allowed.
2016-11-14 11:17:53,810 - Velocimacro : messages on  : VM system will output logging messages
2016-11-14 11:17:53,810 - Velocimacro : autoload off  : VM system will not automatically reload global library macros
2016-11-14 11:17:53,810 - Velocimacro : initialization complete.
2016-11-14 11:17:53,810 - Velocity successfully started.
2016-11-14 11:29:12,966 - SimpleLog4JLogSystem initialized using logfile 'velocity.log'
2016-11-14 11:29:12,966 - ************************************************************** 
2016-11-14 11:29:12,966 - Starting Jakarta Velocity v1.4
2016-11-14 11:29:12,966 - RuntimeInstance initializing.
2016-11-14 11:29:12,966 - Default Properties File: org\apache\velocity\runtime\defaults\velocity.properties
2016-11-14 11:29:12,966 - Trying to use logger class org.apache.velocity.runtime.log.SimpleLog4JLogSystem
2016-11-14 11:29:12,966 - Using logger class org.apache.velocity.runtime.log.SimpleLog4JLogSystem
2016-11-14 11:29:12,966 - Default ResourceManager initializing. (class org.apache.velocity.runtime.resource.ResourceManagerImpl)
2016-11-14 11:29:12,966 - Resource Loader Instantiated: org.apache.velocity.runtime.resource.loader.ClasspathResourceLoader
2016-11-14 11:29:12,966 - ClasspathResourceLoader : initialization starting.
2016-11-14 11:29:12,966 - ClasspathResourceLoader : initialization complete.
2016-11-14 11:29:12,982 - ResourceCache : initialized. (class org.apache.velocity.runtime.resource.ResourceCacheImpl)
2016-11-14 11:29:12,982 - Default ResourceManager initialization complete.
2016-11-14 11:29:12,982 - Loaded System Directive: org.apache.velocity.runtime.directive.Literal
2016-11-14 11:29:12,982 - Loaded System Directive: org.apache.velocity.runtime.directive.Macro
2016-11-14 11:29:12,982 - Loaded System Directive: org.apache.velocity.runtime.directive.Parse
2016-11-14 11:29:12,982 - Loaded System Directive: org.apache.velocity.runtime.directive.Include
2016-11-14 11:29:12,982 - Loaded System Directive: org.apache.velocity.runtime.directive.Foreach
2016-11-14 11:29:13,013 - Created: 20 parsers.
2016-11-14 11:29:13,013 - Velocimacro : initialization starting.
2016-11-14 11:29:13,013 - Velocimacro : adding VMs from VM library template : VM_global_library.vm
2016-11-14 11:29:13,013 - ResourceManager : unable to find resource 'VM_global_library.vm' in any resource loader.
2016-11-14 11:29:13,013 - Velocimacro : error using  VM library template VM_global_library.vm : org.apache.velocity.exception.ResourceNotFoundException: Unable to find resource 'VM_global_library.vm'
2016-11-14 11:29:13,013 - Velocimacro :  VM library template macro registration complete.
2016-11-14 11:29:13,013 - Velocimacro : allowInline = true : VMs can be defined inline in templates
2016-11-14 11:29:13,013 - Velocimacro : allowInlineToOverride = false : VMs defined inline may NOT replace previous VM definitions
2016-11-14 11:29:13,013 - Velocimacro : allowInlineLocal = false : VMs defined inline will be  global in scope if allowed.
2016-11-14 11:29:13,013 - Velocimacro : messages on  : VM system will output logging messages
2016-11-14 11:29:13,013 - Velocimacro : autoload off  : VM system will not automatically reload global library macros
2016-11-14 11:29:13,013 - Velocimacro : initialization complete.
2016-11-14 11:29:13,013 - Velocity successfully started.
2017-02-07 12:18:34,157 - SimpleLog4JLogSystem initialized using logfile 'velocity.log'
2017-02-07 12:18:34,158 - ************************************************************** 
2017-02-07 12:18:34,158 - Starting Jakarta Velocity v1.4
2017-02-07 12:18:34,158 - RuntimeInstance initializing.
2017-02-07 12:18:34,158 - Default Properties File: org\apache\velocity\runtime\defaults\velocity.properties
2017-02-07 12:18:34,158 - Trying to use logger class org.apache.velocity.runtime.log.SimpleLog4JLogSystem
2017-02-07 12:18:34,158 - Using logger class org.apache.velocity.runtime.log.SimpleLog4JLogSystem
2017-02-07 12:18:34,160 - Default ResourceManager initializing. (class org.apache.velocity.runtime.resource.ResourceManagerImpl)
2017-02-07 12:18:34,163 - Resource Loader Instantiated: org.apache.velocity.runtime.resource.loader.ClasspathResourceLoader
2017-02-07 12:18:34,163 - ClasspathResourceLoader : initialization starting.
2017-02-07 12:18:34,163 - ClasspathResourceLoader : initialization complete.
2017-02-07 12:18:34,164 - ResourceCache : initialized. (class org.apache.velocity.runtime.resource.ResourceCacheImpl)
2017-02-07 12:18:34,164 - Default ResourceManager initialization complete.
2017-02-07 12:18:34,166 - Loaded System Directive: org.apache.velocity.runtime.directive.Literal
2017-02-07 12:18:34,167 - Loaded System Directive: org.apache.velocity.runtime.directive.Macro
2017-02-07 12:18:34,169 - Loaded System Directive: org.apache.velocity.runtime.directive.Parse
2017-02-07 12:18:34,171 - Loaded System Directive: org.apache.velocity.runtime.directive.Include
2017-02-07 12:18:34,171 - Loaded System Directive: org.apache.velocity.runtime.directive.Foreach
2017-02-07 12:18:34,191 - Created: 20 parsers.
2017-02-07 12:18:34,197 - Velocimacro : initialization starting.
2017-02-07 12:18:34,197 - Velocimacro : adding VMs from VM library template : VM_global_library.vm
2017-02-07 12:18:34,203 - ResourceManager : unable to find resource 'VM_global_library.vm' in any resource loader.
2017-02-07 12:18:34,203 - Velocimacro : error using  VM library template VM_global_library.vm : org.apache.velocity.exception.ResourceNotFoundException: Unable to find resource 'VM_global_library.vm'
2017-02-07 12:18:34,203 - Velocimacro :  VM library template macro registration complete.
2017-02-07 12:18:34,203 - Velocimacro : allowInline = true : VMs can be defined inline in templates
2017-02-07 12:18:34,203 - Velocimacro : allowInlineToOverride = false : VMs defined inline may NOT replace previous VM definitions
2017-02-07 12:18:34,203 - Velocimacro : allowInlineLocal = false : VMs defined inline will be  global in scope if allowed.
2017-02-07 12:18:34,203 - Velocimacro : messages on  : VM system will output logging messages
2017-02-07 12:18:34,203 - Velocimacro : autoload off  : VM system will not automatically reload global library macros
2017-02-07 12:18:34,203 - Velocimacro : initialization complete.
2017-02-07 12:18:34,203 - Velocity successfully started.
2017-02-07 12:19:24,694 - SimpleLog4JLogSystem initialized using logfile 'velocity.log'
2017-02-07 12:19:24,695 - ************************************************************** 
2017-02-07 12:19:24,695 - Starting Jakarta Velocity v1.4
2017-02-07 12:19:24,695 - RuntimeInstance initializing.
2017-02-07 12:19:24,695 - Default Properties File: org\apache\velocity\runtime\defaults\velocity.properties
2017-02-07 12:19:24,695 - Trying to use logger class org.apache.velocity.runtime.log.SimpleLog4JLogSystem
2017-02-07 12:19:24,695 - Using logger class org.apache.velocity.runtime.log.SimpleLog4JLogSystem
2017-02-07 12:19:24,697 - Default ResourceManager initializing. (class org.apache.velocity.runtime.resource.ResourceManagerImpl)
2017-02-07 12:19:24,699 - Resource Loader Instantiated: org.apache.velocity.runtime.resource.loader.ClasspathResourceLoader
2017-02-07 12:19:24,699 - ClasspathResourceLoader : initialization starting.
2017-02-07 12:19:24,699 - ClasspathResourceLoader : initialization complete.
2017-02-07 12:19:24,700 - ResourceCache : initialized. (class org.apache.velocity.runtime.resource.ResourceCacheImpl)
2017-02-07 12:19:24,701 - Default ResourceManager initialization complete.
2017-02-07 12:19:24,702 - Loaded System Directive: org.apache.velocity.runtime.directive.Literal
2017-02-07 12:19:24,704 - Loaded System Directive: org.apache.velocity.runtime.directive.Macro
2017-02-07 12:19:24,706 - Loaded System Directive: org.apache.velocity.runtime.directive.Parse
2017-02-07 12:19:24,707 - Loaded System Directive: org.apache.velocity.runtime.directive.Include
2017-02-07 12:19:24,708 - Loaded System Directive: org.apache.velocity.runtime.directive.Foreach
2017-02-07 12:19:24,728 - Created: 20 parsers.
2017-02-07 12:19:24,734 - Velocimacro : initialization starting.
2017-02-07 12:19:24,734 - Velocimacro : adding VMs from VM library template : VM_global_library.vm
2017-02-07 12:19:24,740 - ResourceManager : unable to find resource 'VM_global_library.vm' in any resource loader.
2017-02-07 12:19:24,741 - Velocimacro : error using  VM library template VM_global_library.vm : org.apache.velocity.exception.ResourceNotFoundException: Unable to find resource 'VM_global_library.vm'
2017-02-07 12:19:24,741 - Velocimacro :  VM library template macro registration complete.
2017-02-07 12:19:24,741 - Velocimacro : allowInline = true : VMs can be defined inline in templates
2017-02-07 12:19:24,741 - Velocimacro : allowInlineToOverride = false : VMs defined inline may NOT replace previous VM definitions
2017-02-07 12:19:24,741 - Velocimacro : allowInlineLocal = false : VMs defined inline will be  global in scope if allowed.
2017-02-07 12:19:24,741 - Velocimacro : messages on  : VM system will output logging messages
2017-02-07 12:19:24,741 - Velocimacro : autoload off  : VM system will not automatically reload global library macros
2017-02-07 12:19:24,741 - Velocimacro : initialization complete.
2017-02-07 12:19:24,741 - Velocity successfully started.
2017-02-07 12:24:57,090 - SimpleLog4JLogSystem initialized using logfile 'velocity.log'
2017-02-07 12:24:57,090 - ************************************************************** 
2017-02-07 12:24:57,090 - Starting Jakarta Velocity v1.4
2017-02-07 12:24:57,090 - RuntimeInstance initializing.
2017-02-07 12:24:57,090 - Default Properties File: org\apache\velocity\runtime\defaults\velocity.properties
2017-02-07 12:24:57,090 - Trying to use logger class org.apache.velocity.runtime.log.SimpleLog4JLogSystem
2017-02-07 12:24:57,090 - Using logger class org.apache.velocity.runtime.log.SimpleLog4JLogSystem
2017-02-07 12:24:57,092 - Default ResourceManager initializing. (class org.apache.velocity.runtime.resource.ResourceManagerImpl)
2017-02-07 12:24:57,094 - Resource Loader Instantiated: org.apache.velocity.runtime.resource.loader.ClasspathResourceLoader
2017-02-07 12:24:57,094 - ClasspathResourceLoader : initialization starting.
2017-02-07 12:24:57,095 - ClasspathResourceLoader : initialization complete.
2017-02-07 12:24:57,096 - ResourceCache : initialized. (class org.apache.velocity.runtime.resource.ResourceCacheImpl)
2017-02-07 12:24:57,096 - Default ResourceManager initialization complete.
2017-02-07 12:24:57,098 - Loaded System Directive: org.apache.velocity.runtime.directive.Literal
2017-02-07 12:24:57,099 - Loaded System Directive: org.apache.velocity.runtime.directive.Macro
2017-02-07 12:24:57,101 - Loaded System Directive: org.apache.velocity.runtime.directive.Parse
2017-02-07 12:24:57,102 - Loaded System Directive: org.apache.velocity.runtime.directive.Include
2017-02-07 12:24:57,103 - Loaded System Directive: org.apache.velocity.runtime.directive.Foreach
2017-02-07 12:24:57,123 - Created: 20 parsers.
2017-02-07 12:24:57,129 - Velocimacro : initialization starting.
2017-02-07 12:24:57,129 - Velocimacro : adding VMs from VM library template : VM_global_library.vm
2017-02-07 12:24:57,136 - ResourceManager : unable to find resource 'VM_global_library.vm' in any resource loader.
2017-02-07 12:24:57,136 - Velocimacro : error using  VM library template VM_global_library.vm : org.apache.velocity.exception.ResourceNotFoundException: Unable to find resource 'VM_global_library.vm'
2017-02-07 12:24:57,136 - Velocimacro :  VM library template macro registration complete.
2017-02-07 12:24:57,136 - Velocimacro : allowInline = true : VMs can be defined inline in templates
2017-02-07 12:24:57,136 - Velocimacro : allowInlineToOverride = false : VMs defined inline may NOT replace previous VM definitions
2017-02-07 12:24:57,136 - Velocimacro : allowInlineLocal = false : VMs defined inline will be  global in scope if allowed.
2017-02-07 12:24:57,136 - Velocimacro : messages on  : VM system will output logging messages
2017-02-07 12:24:57,136 - Velocimacro : autoload off  : VM system will not automatically reload global library macros
2017-02-07 12:24:57,136 - Velocimacro : initialization complete.
2017-02-07 12:24:57,136 - Velocity successfully started.
2017-02-07 12:30:32,013 - SimpleLog4JLogSystem initialized using logfile 'velocity.log'
2017-02-07 12:30:32,013 - ************************************************************** 
2017-02-07 12:30:32,013 - Starting Jakarta Velocity v1.4
2017-02-07 12:30:32,014 - RuntimeInstance initializing.
2017-02-07 12:30:32,014 - Default Properties File: org\apache\velocity\runtime\defaults\velocity.properties
2017-02-07 12:30:32,014 - Trying to use logger class org.apache.velocity.runtime.log.SimpleLog4JLogSystem
2017-02-07 12:30:32,014 - Using logger class org.apache.velocity.runtime.log.SimpleLog4JLogSystem
2017-02-07 12:30:32,016 - Default ResourceManager initializing. (class org.apache.velocity.runtime.resource.ResourceManagerImpl)
2017-02-07 12:30:32,018 - Resource Loader Instantiated: org.apache.velocity.runtime.resource.loader.ClasspathResourceLoader
2017-02-07 12:30:32,018 - ClasspathResourceLoader : initialization starting.
2017-02-07 12:30:32,018 - ClasspathResourceLoader : initialization complete.
2017-02-07 12:30:32,019 - ResourceCache : initialized. (class org.apache.velocity.runtime.resource.ResourceCacheImpl)
2017-02-07 12:30:32,019 - Default ResourceManager initialization complete.
2017-02-07 12:30:32,021 - Loaded System Directive: org.apache.velocity.runtime.directive.Literal
2017-02-07 12:30:32,023 - Loaded System Directive: org.apache.velocity.runtime.directive.Macro
2017-02-07 12:30:32,025 - Loaded System Directive: org.apache.velocity.runtime.directive.Parse
2017-02-07 12:30:32,026 - Loaded System Directive: org.apache.velocity.runtime.directive.Include
2017-02-07 12:30:32,027 - Loaded System Directive: org.apache.velocity.runtime.directive.Foreach
2017-02-07 12:30:32,050 - Created: 20 parsers.
2017-02-07 12:30:32,058 - Velocimacro : initialization starting.
2017-02-07 12:30:32,058 - Velocimacro : adding VMs from VM library template : VM_global_library.vm
2017-02-07 12:30:32,065 - ResourceManager : unable to find resource 'VM_global_library.vm' in any resource loader.
2017-02-07 12:30:32,065 - Velocimacro : error using  VM library template VM_global_library.vm : org.apache.velocity.exception.ResourceNotFoundException: Unable to find resource 'VM_global_library.vm'
2017-02-07 12:30:32,065 - Velocimacro :  VM library template macro registration complete.
2017-02-07 12:30:32,065 - Velocimacro : allowInline = true : VMs can be defined inline in templates
2017-02-07 12:30:32,065 - Velocimacro : allowInlineToOverride = false : VMs defined inline may NOT replace previous VM definitions
2017-02-07 12:30:32,065 - Velocimacro : allowInlineLocal = false : VMs defined inline will be  global in scope if allowed.
2017-02-07 12:30:32,065 - Velocimacro : messages on  : VM system will output logging messages
2017-02-07 12:30:32,065 - Velocimacro : autoload off  : VM system will not automatically reload global library macros
2017-02-07 12:30:32,065 - Velocimacro : initialization complete.
2017-02-07 12:30:32,065 - Velocity successfully started.
